<?xml version="1.0" encoding="UTF-8"?>
<testsuite xmlns:xsi="http://www.w3.org/2001/XMLSchema-instance" xsi:noNamespaceSchemaLocation="https://maven.apache.org/surefire/maven-surefire-plugin/xsd/surefire-test-report.xsd" version="3.0.2" name="br.com.authkeycloak.AuthKeycloakTest" time="3.279" tests="1" errors="0" skipped="0" failures="0">
  <properties>
[...]
</properties>
  <testcase name="testHelloEndpoint" classname="br.com.authkeycloak.AuthKeycloakTest" time="0.82">
    <system-out><![CDATA[2025-05-19 21:05:01,010 INFO  [org.hib.jpa.int.uti.LogHelper] (main) HHH000204: Processing PersistenceUnitInfo [name: <default>]
2025-05-19 21:05:01,225 INFO  [org.hib.Version] (main) HHH000412: Hibernate ORM core version 6.6.13.Final
2025-05-19 21:05:01,343 INFO  [org.hib.orm.con.pooling] (main) HHH10001005: Database info:
	Database JDBC URL [undefined/unknown]
	Database driver: undefined/unknown
	Database version: 12.0
	Autocommit mode: undefined/unknown
	Isolation level: <unknown>
	Minimum pool size: undefined/unknown
	Maximum pool size: undefined/unknown
2025-05-19 21:05:03,192 INFO  [io.quarkus] (main) authkeycloak 1.0.0-SNAPSHOT on JVM (powered by Quarkus 3.22.1) started in 5.187s. Listening on: http://localhost:8081
2025-05-19 21:05:03,193 INFO  [io.quarkus] (main) Profile test activated. 
2025-05-19 21:05:03,193 INFO  [io.quarkus] (main) Installed features: [agroal, cdi, hibernate-orm, hibernate-orm-panache, jdbc-postgresql, keycloak-authorization, narayana-jta, oidc, rest, rest-client, rest-client-jackson, rest-jsonb, security, smallrye-context-propagation, smallrye-health, vertx]
]]></system-out>
  </testcase>
</testsuite>